The system is: Darwin - 19.6.0 - x86_64
Compiling the C compiler identification source file "CMakeCCompilerId.c" succeeded.
Compiler:  
Build flags: 
Id flags:  

The output was:
0
Command line invocation:
    /Applications/Xcode.app/Contents/Developer/usr/bin/xcodebuild

note: Using new build system
note: Planning build
note: Constructing build description
warning: Traditional headermap style is no longer supported; please migrate to using separate headermaps and set 'ALWAYS_SEARCH_USER_PATHS' to NO. (in target 'CompilerIdC' from project 'CompilerIdC')
CreateBuildDirectory /Users/jokey/Panda/workspace/plot/xcode/CMakeFiles/3.17.2/CompilerIdC (in target 'CompilerIdC' from project 'CompilerIdC')
    cd /Users/jokey/Panda/workspace/plot/xcode/CMakeFiles/3.17.2/CompilerIdC
    builtin-create-build-directory /Users/jokey/Panda/workspace/plot/xcode/CMakeFiles/3.17.2/CompilerIdC

WriteAuxiliaryFile /Users/jokey/Panda/workspace/plot/xcode/CMakeFiles/3.17.2/CompilerIdC/CompilerIdC.build/Debug/CompilerIdC.build/all-product-headers.yaml (in target 'CompilerIdC' from project 'CompilerIdC')
    cd /Users/jokey/Panda/workspace/plot/xcode/CMakeFiles/3.17.2/CompilerIdC
    write-file /Users/jokey/Panda/workspace/plot/xcode/CMakeFiles/3.17.2/CompilerIdC/CompilerIdC.build/Debug/CompilerIdC.build/all-product-headers.yaml

WriteAuxiliaryFile /Users/jokey/Panda/workspace/plot/xcode/CMakeFiles/3.17.2/CompilerIdC/CompilerIdC.build/Debug/CompilerIdC.build/CompilerIdC.hmap (in target 'CompilerIdC' from project 'CompilerIdC')
    cd /Users/jokey/Panda/workspace/plot/xcode/CMakeFiles/3.17.2/CompilerIdC
    write-file /Users/jokey/Panda/workspace/plot/xcode/CMakeFiles/3.17.2/CompilerIdC/CompilerIdC.build/Debug/CompilerIdC.build/CompilerIdC.hmap

WriteAuxiliaryFile /Users/jokey/Panda/workspace/plot/xcode/CMakeFiles/3.17.2/CompilerIdC/CompilerIdC.build/Debug/CompilerIdC.build/CompilerIdC-project-headers.hmap (in target 'CompilerIdC' from project 'CompilerIdC')
    cd /Users/jokey/Panda/workspace/plot/xcode/CMakeFiles/3.17.2/CompilerIdC
    write-file /Users/jokey/Panda/workspace/plot/xcode/CMakeFiles/3.17.2/CompilerIdC/CompilerIdC.build/Debug/CompilerIdC.build/CompilerIdC-project-headers.hmap

WriteAuxiliaryFile /Users/jokey/Panda/workspace/plot/xcode/CMakeFiles/3.17.2/CompilerIdC/CompilerIdC.build/Debug/CompilerIdC.build/CompilerIdC-own-target-headers.hmap (in target 'CompilerIdC' from project 'CompilerIdC')
    cd /Users/jokey/Panda/workspace/plot/xcode/CMakeFiles/3.17.2/CompilerIdC
    write-file /Users/jokey/Panda/workspace/plot/xcode/CMakeFiles/3.17.2/CompilerIdC/CompilerIdC.build/Debug/CompilerIdC.build/CompilerIdC-own-target-headers.hmap

WriteAuxiliaryFile /Users/jokey/Panda/workspace/plot/xcode/CMakeFiles/3.17.2/CompilerIdC/CompilerIdC.build/Debug/CompilerIdC.build/CompilerIdC-generated-files.hmap (in target 'CompilerIdC' from project 'CompilerIdC')
    cd /Users/jokey/Panda/workspace/plot/xcode/CMakeFiles/3.17.2/CompilerIdC
    write-file /Users/jokey/Panda/workspace/plot/xcode/CMakeFiles/3.17.2/CompilerIdC/CompilerIdC.build/Debug/CompilerIdC.build/CompilerIdC-generated-files.hmap

WriteAuxiliaryFile /Users/jokey/Panda/workspace/plot/xcode/CMakeFiles/3.17.2/CompilerIdC/CompilerIdC.build/Debug/CompilerIdC.build/CompilerIdC-all-target-headers.hmap (in target 'CompilerIdC' from project 'CompilerIdC')
    cd /Users/jokey/Panda/workspace/plot/xcode/CMakeFiles/3.17.2/CompilerIdC
    write-file /Users/jokey/Panda/workspace/plot/xcode/CMakeFiles/3.17.2/CompilerIdC/CompilerIdC.build/Debug/CompilerIdC.build/CompilerIdC-all-target-headers.hmap

WriteAuxiliaryFile /Users/jokey/Panda/workspace/plot/xcode/CMakeFiles/3.17.2/CompilerIdC/CompilerIdC.build/Debug/CompilerIdC.build/CompilerIdC-all-non-framework-target-headers.hmap (in target 'CompilerIdC' from project 'CompilerIdC')
    cd /Users/jokey/Panda/workspace/plot/xcode/CMakeFiles/3.17.2/CompilerIdC
    write-file /Users/jokey/Panda/workspace/plot/xcode/CMakeFiles/3.17.2/CompilerIdC/CompilerIdC.build/Debug/CompilerIdC.build/CompilerIdC-all-non-framework-target-headers.hmap

WriteAuxiliaryFile /Users/jokey/Panda/workspace/plot/xcode/CMakeFiles/3.17.2/CompilerIdC/CompilerIdC.build/Debug/CompilerIdC.build/Objects-normal/x86_64/CompilerIdC.LinkFileList (in target 'CompilerIdC' from project 'CompilerIdC')
    cd /Users/jokey/Panda/workspace/plot/xcode/CMakeFiles/3.17.2/CompilerIdC
    write-file /Users/jokey/Panda/workspace/plot/xcode/CMakeFiles/3.17.2/CompilerIdC/CompilerIdC.build/Debug/CompilerIdC.build/Objects-normal/x86_64/CompilerIdC.LinkFileList

CompileC /Users/jokey/Panda/workspace/plot/xcode/CMakeFiles/3.17.2/CompilerIdC/CompilerIdC.build/Debug/CompilerIdC.build/Objects-normal/x86_64/CMakeCCompilerId.o /Users/jokey/Panda/workspace/plot/xcode/CMakeFiles/3.17.2/CompilerIdC/CMakeCCompilerId.c normal x86_64 c com.apple.compilers.llvm.clang.1_0.compiler (in target 'CompilerIdC' from project 'CompilerIdC')
    cd /Users/jokey/Panda/workspace/plot/xcode/CMakeFiles/3.17.2/CompilerIdC
    export LANG=en_US.US-ASCII
    /Applications/Xcode.app/Contents/Developer/Toolchains/XcodeDefault.xctoolchain/usr/bin/clang -x c -target x86_64-apple-macos10.15 -fmessage-length=0 -fdiagnostics-show-note-include-stack -fmacro-backtrace-limit=0 -Wno-trigraphs -fpascal-strings -Os -Wno-missing-field-initializers -Wno-missing-prototypes -Wno-return-type -Wno-missing-braces -Wparentheses -Wswitch -Wno-unused-function -Wno-unused-label -Wno-unused-parameter -Wno-unused-variable -Wunused-value -Wno-empty-body -Wno-uninitialized -Wno-unknown-pragmas -Wno-shadow -Wno-four-char-constants -Wno-conversion -Wno-constant-conversion -Wno-int-conversion -Wno-bool-conversion -Wno-enum-conversion -Wno-float-conversion -Wno-non-literal-null-conversion -Wno-objc-literal-conversion -Wno-shorten-64-to-32 -Wpointer-sign -Wno-newline-eof -isysroot /Applications/Xcode.app/Contents/Developer/Platforms/MacOSX.platform/Developer/SDKs/MacOSX10.15.sdk -fasm-blocks -fstrict-aliasing -Wdeprecated-declarations -g -fvisibility=hidden -Wno-sign-conversion -Wno-infinite-recursion -Wno-comma -Wno-block-capture-autoreleasing -Wno-strict-prototypes -Wno-semicolon-before-method-body -iquote /Users/jokey/Panda/workspace/plot/xcode/CMakeFiles/3.17.2/CompilerIdC/CompilerIdC.build/Debug/CompilerIdC.build/CompilerIdC-generated-files.hmap -I/Users/jokey/Panda/workspace/plot/xcode/CMakeFiles/3.17.2/CompilerIdC/CompilerIdC.build/Debug/CompilerIdC.build/CompilerIdC-own-target-headers.hmap -I/Users/jokey/Panda/workspace/plot/xcode/CMakeFiles/3.17.2/CompilerIdC/CompilerIdC.build/Debug/CompilerIdC.build/CompilerIdC-all-target-headers.hmap -iquote /Users/jokey/Panda/workspace/plot/xcode/CMakeFiles/3.17.2/CompilerIdC/CompilerIdC.build/Debug/CompilerIdC.build/CompilerIdC-project-headers.hmap -I/Users/jokey/Panda/workspace/plot/xcode/CMakeFiles/3.17.2/CompilerIdC/include -I/Users/jokey/Panda/workspace/plot/xcode/CMakeFiles/3.17.2/CompilerIdC/CompilerIdC.build/Debug/CompilerIdC.build/DerivedSources-normal/x86_64 -I/Users/jokey/Panda/workspace/plot/xcode/CMakeFiles/3.17.2/CompilerIdC/CompilerIdC.build/Debug/CompilerIdC.build/DerivedSources/x86_64 -I/Users/jokey/Panda/workspace/plot/xcode/CMakeFiles/3.17.2/CompilerIdC/CompilerIdC.build/Debug/CompilerIdC.build/DerivedSources -F/Users/jokey/Panda/workspace/plot/xcode/CMakeFiles/3.17.2/CompilerIdC -MMD -MT dependencies -MF /Users/jokey/Panda/workspace/plot/xcode/CMakeFiles/3.17.2/CompilerIdC/CompilerIdC.build/Debug/CompilerIdC.build/Objects-normal/x86_64/CMakeCCompilerId.d --serialize-diagnostics /Users/jokey/Panda/workspace/plot/xcode/CMakeFiles/3.17.2/CompilerIdC/CompilerIdC.build/Debug/CompilerIdC.build/Objects-normal/x86_64/CMakeCCompilerId.dia -c /Users/jokey/Panda/workspace/plot/xcode/CMakeFiles/3.17.2/CompilerIdC/CMakeCCompilerId.c -o /Users/jokey/Panda/workspace/plot/xcode/CMakeFiles/3.17.2/CompilerIdC/CompilerIdC.build/Debug/CompilerIdC.build/Objects-normal/x86_64/CMakeCCompilerId.o

Ld /Users/jokey/Panda/workspace/plot/xcode/CMakeFiles/3.17.2/CompilerIdC/CompilerIdC normal x86_64 (in target 'CompilerIdC' from project 'CompilerIdC')
    cd /Users/jokey/Panda/workspace/plot/xcode/CMakeFiles/3.17.2/CompilerIdC
    /Applications/Xcode.app/Contents/Developer/Toolchains/XcodeDefault.xctoolchain/usr/bin/clang -target x86_64-apple-macos10.15 -isysroot /Applications/Xcode.app/Contents/Developer/Platforms/MacOSX.platform/Developer/SDKs/MacOSX10.15.sdk -L/Users/jokey/Panda/workspace/plot/xcode/CMakeFiles/3.17.2/CompilerIdC -F/Users/jokey/Panda/workspace/plot/xcode/CMakeFiles/3.17.2/CompilerIdC -filelist /Users/jokey/Panda/workspace/plot/xcode/CMakeFiles/3.17.2/CompilerIdC/CompilerIdC.build/Debug/CompilerIdC.build/Objects-normal/x86_64/CompilerIdC.LinkFileList -Xlinker -object_path_lto -Xlinker /Users/jokey/Panda/workspace/plot/xcode/CMakeFiles/3.17.2/CompilerIdC/CompilerIdC.build/Debug/CompilerIdC.build/Objects-normal/x86_64/CompilerIdC_lto.o -Xlinker -dependency_info -Xlinker /Users/jokey/Panda/workspace/plot/xcode/CMakeFiles/3.17.2/CompilerIdC/CompilerIdC.build/Debug/CompilerIdC.build/Objects-normal/x86_64/CompilerIdC_dependency_info.dat -o /Users/jokey/Panda/workspace/plot/xcode/CMakeFiles/3.17.2/CompilerIdC/CompilerIdC

WriteAuxiliaryFile /Users/jokey/Panda/workspace/plot/xcode/CMakeFiles/3.17.2/CompilerIdC/CompilerIdC.build/Debug/CompilerIdC.build/Script-2C8FEB8E15DC1A1A00E56A5D.sh (in target 'CompilerIdC' from project 'CompilerIdC')
    cd /Users/jokey/Panda/workspace/plot/xcode/CMakeFiles/3.17.2/CompilerIdC
    write-file /Users/jokey/Panda/workspace/plot/xcode/CMakeFiles/3.17.2/CompilerIdC/CompilerIdC.build/Debug/CompilerIdC.build/Script-2C8FEB8E15DC1A1A00E56A5D.sh

PhaseScriptExecution Run\ Script /Users/jokey/Panda/workspace/plot/xcode/CMakeFiles/3.17.2/CompilerIdC/CompilerIdC.build/Debug/CompilerIdC.build/Script-2C8FEB8E15DC1A1A00E56A5D.sh (in target 'CompilerIdC' from project 'CompilerIdC')
    cd /Users/jokey/Panda/workspace/plot/xcode/CMakeFiles/3.17.2/CompilerIdC
    /bin/sh -c /Users/jokey/Panda/workspace/plot/xcode/CMakeFiles/3.17.2/CompilerIdC/CompilerIdC.build/Debug/CompilerIdC.build/Script-2C8FEB8E15DC1A1A00E56A5D.sh
GCC_VERSION=com.apple.compilers.llvm.clang.1_0
ARCHS=x86_64

RegisterExecutionPolicyException /Users/jokey/Panda/workspace/plot/xcode/CMakeFiles/3.17.2/CompilerIdC/CompilerIdC (in target 'CompilerIdC' from project 'CompilerIdC')
    cd /Users/jokey/Panda/workspace/plot/xcode/CMakeFiles/3.17.2/CompilerIdC
    builtin-RegisterExecutionPolicyException /Users/jokey/Panda/workspace/plot/xcode/CMakeFiles/3.17.2/CompilerIdC/CompilerIdC

** BUILD SUCCEEDED **



Compilation of the C compiler identification source "CMakeCCompilerId.c" produced "CompilerIdC"

The C compiler identification is AppleClang, found in "/Users/jokey/Panda/plot/xcode/CMakeFiles/3.17.2/CompilerIdC/CompilerIdC"

Determining if the C compiler works passed with the following output:
Change Dir: /Users/jokey/Panda/plot/xcode/CMakeFiles/CMakeTmp

Run Build Command(s):/usr/bin/xcodebuild -project CMAKE_TRY_COMPILE.xcodeproj build -target cmTC_4fb81 -configuration Debug -hideShellScriptEnvironment && Command line invocation:
    /Applications/Xcode.app/Contents/Developer/usr/bin/xcodebuild -project CMAKE_TRY_COMPILE.xcodeproj build -target cmTC_4fb81 -configuration Debug -hideShellScriptEnvironment

User defaults from command line:
    HideShellScriptEnvironment = YES

Prepare build
note: Using legacy build system
=== BUILD TARGET cmTC_4fb81 OF PROJECT CMAKE_TRY_COMPILE WITH CONFIGURATION Debug ===

Check dependencies

Write auxiliary files
/bin/mkdir -p /Users/jokey/Panda/plot/xcode/CMakeFiles/CMakeTmp/CMAKE_TRY_COMPILE.build/Debug/cmTC_4fb81.build/Objects-normal/x86_64
write-file /Users/jokey/Panda/plot/xcode/CMakeFiles/CMakeTmp/CMAKE_TRY_COMPILE.build/Debug/cmTC_4fb81.build/Objects-normal/x86_64/cmTC_4fb81.LinkFileList

CompileC /Users/jokey/Panda/plot/xcode/CMakeFiles/CMakeTmp/CMAKE_TRY_COMPILE.build/Debug/cmTC_4fb81.build/Objects-normal/x86_64/testCCompiler.o testCCompiler.c normal x86_64 c com.apple.compilers.llvm.clang.1_0.compiler
    cd /Users/jokey/Panda/workspace/plot/xcode/CMakeFiles/CMakeTmp
    /Applications/Xcode.app/Contents/Developer/Toolchains/XcodeDefault.xctoolchain/usr/bin/clang -x c -target x86_64-apple-macos10.15 -fmessage-length=0 -fdiagnostics-show-note-include-stack -fmacro-backtrace-limit=0 -Wno-trigraphs -fpascal-strings -O0 -Wno-missing-field-initializers -Wno-missing-prototypes -Wno-return-type -Wno-missing-braces -Wparentheses -Wswitch -Wno-unused-function -Wno-unused-label -Wno-unused-parameter -Wno-unused-variable -Wunused-value -Wno-empty-body -Wno-uninitialized -Wno-unknown-pragmas -Wno-shadow -Wno-four-char-constants -Wno-conversion -Wno-constant-conversion -Wno-int-conversion -Wno-bool-conversion -Wno-enum-conversion -Wno-float-conversion -Wno-non-literal-null-conversion -Wno-objc-literal-conversion -Wno-shorten-64-to-32 -Wpointer-sign -Wno-newline-eof -DCMAKE_INTDIR=\"Debug\" -isysroot /Applications/Xcode.app/Contents/Developer/Platforms/MacOSX.platform/Developer/SDKs/MacOSX10.15.sdk -fasm-blocks -fstrict-aliasing -Wdeprecated-declarations -g -Wno-sign-conversion -Wno-infinite-recursion -Wno-comma -Wno-block-capture-autoreleasing -Wno-strict-prototypes -Wno-semicolon-before-method-body -I/Users/jokey/Panda/plot/xcode/CMakeFiles/CMakeTmp/Debug/include -I/Users/jokey/Panda/plot/xcode/CMakeFiles/CMakeTmp/CMAKE_TRY_COMPILE.build/Debug/cmTC_4fb81.build/DerivedSources-normal/x86_64 -I/Users/jokey/Panda/plot/xcode/CMakeFiles/CMakeTmp/CMAKE_TRY_COMPILE.build/Debug/cmTC_4fb81.build/DerivedSources/x86_64 -I/Users/jokey/Panda/plot/xcode/CMakeFiles/CMakeTmp/CMAKE_TRY_COMPILE.build/Debug/cmTC_4fb81.build/DerivedSources -F/Users/jokey/Panda/plot/xcode/CMakeFiles/CMakeTmp/Debug -MMD -MT dependencies -MF /Users/jokey/Panda/plot/xcode/CMakeFiles/CMakeTmp/CMAKE_TRY_COMPILE.build/Debug/cmTC_4fb81.build/Objects-normal/x86_64/testCCompiler.d --serialize-diagnostics /Users/jokey/Panda/plot/xcode/CMakeFiles/CMakeTmp/CMAKE_TRY_COMPILE.build/Debug/cmTC_4fb81.build/Objects-normal/x86_64/testCCompiler.dia -c /Users/jokey/Panda/workspace/plot/xcode/CMakeFiles/CMakeTmp/testCCompiler.c -o /Users/jokey/Panda/plot/xcode/CMakeFiles/CMakeTmp/CMAKE_TRY_COMPILE.build/Debug/cmTC_4fb81.build/Objects-normal/x86_64/testCCompiler.o

Ld /Users/jokey/Panda/plot/xcode/CMakeFiles/CMakeTmp/Debug/cmTC_4fb81 normal x86_64
    cd /Users/jokey/Panda/workspace/plot/xcode/CMakeFiles/CMakeTmp
    /Applications/Xcode.app/Contents/Developer/Toolchains/XcodeDefault.xctoolchain/usr/bin/clang -target x86_64-apple-macos10.15 -isysroot /Applications/Xcode.app/Contents/Developer/Platforms/MacOSX.platform/Developer/SDKs/MacOSX10.15.sdk -L/Users/jokey/Panda/plot/xcode/CMakeFiles/CMakeTmp/Debug -F/Users/jokey/Panda/plot/xcode/CMakeFiles/CMakeTmp/Debug -filelist /Users/jokey/Panda/plot/xcode/CMakeFiles/CMakeTmp/CMAKE_TRY_COMPILE.build/Debug/cmTC_4fb81.build/Objects-normal/x86_64/cmTC_4fb81.LinkFileList -Xlinker -object_path_lto -Xlinker /Users/jokey/Panda/plot/xcode/CMakeFiles/CMakeTmp/CMAKE_TRY_COMPILE.build/Debug/cmTC_4fb81.build/Objects-normal/x86_64/cmTC_4fb81_lto.o -Xlinker -no_deduplicate -Wl,-search_paths_first -Wl,-headerpad_max_install_names -Xlinker -dependency_info -Xlinker /Users/jokey/Panda/plot/xcode/CMakeFiles/CMakeTmp/CMAKE_TRY_COMPILE.build/Debug/cmTC_4fb81.build/Objects-normal/x86_64/cmTC_4fb81_dependency_info.dat -o /Users/jokey/Panda/plot/xcode/CMakeFiles/CMakeTmp/Debug/cmTC_4fb81

ProcessProductPackaging "" /Users/jokey/Panda/plot/xcode/CMakeFiles/CMakeTmp/CMAKE_TRY_COMPILE.build/Debug/cmTC_4fb81.build/cmTC_4fb81.xcent
    cd /Users/jokey/Panda/workspace/plot/xcode/CMakeFiles/CMakeTmp
    

Entitlements:

{
    "com.apple.security.get-task-allow" = 1;
}


    builtin-productPackagingUtility -entitlements -format xml -o /Users/jokey/Panda/plot/xcode/CMakeFiles/CMakeTmp/CMAKE_TRY_COMPILE.build/Debug/cmTC_4fb81.build/cmTC_4fb81.xcent

CodeSign /Users/jokey/Panda/plot/xcode/CMakeFiles/CMakeTmp/Debug/cmTC_4fb81
    cd /Users/jokey/Panda/workspace/plot/xcode/CMakeFiles/CMakeTmp
    
Signing Identity:     "-"

    /usr/bin/codesign --force --sign - --entitlements /Users/jokey/Panda/plot/xcode/CMakeFiles/CMakeTmp/CMAKE_TRY_COMPILE.build/Debug/cmTC_4fb81.build/cmTC_4fb81.xcent --timestamp=none /Users/jokey/Panda/plot/xcode/CMakeFiles/CMakeTmp/Debug/cmTC_4fb81

** BUILD SUCCEEDED **




